0 info it worked if it ends with ok
1 verbose cli [ '/usr/local/Cellar/node/6.6.0/bin/node',
1 verbose cli   '/usr/local/bin/npm',
1 verbose cli   'run',
1 verbose cli   'dev' ]
2 info using npm@3.10.7
3 info using node@v6.6.0
4 verbose run-script [ 'predev', 'dev', 'postdev' ]
5 info lifecycle to.do@0.0.1~predev: to.do@0.0.1
6 silly lifecycle to.do@0.0.1~predev: no script for predev, continuing
7 info lifecycle to.do@0.0.1~dev: to.do@0.0.1
8 verbose lifecycle to.do@0.0.1~dev: unsafe-perm in lifecycle true
9 verbose lifecycle to.do@0.0.1~dev: PATH: /usr/local/lib/node_modules/npm/bin/node-gyp-bin:/Users/mcorcuera/playground/elm/to.do/node_modules/.bin:/usr/local/Cellar/node/6.6.0/bin:/Users/mcorcuera/.rvm/gems/ruby-2.3.0/bin:/Users/mcorcuera/.rvm/gems/ruby-2.3.0@global/bin:/Users/mcorcuera/.rvm/rubies/ruby-2.3.0/bin:/usr/local/bin:/usr/bin:/bin:/usr/sbin:/sbin:/opt/X11/bin:/Users/mcorcuera/.rvm/bin
10 verbose lifecycle to.do@0.0.1~dev: CWD: /Users/mcorcuera/playground/elm/to.do
11 silly lifecycle to.do@0.0.1~dev: Args: [ '-c', 'webpack-dev-server --port 3000' ]
12 silly lifecycle to.do@0.0.1~dev: Returned: code: 1  signal: null
13 info lifecycle to.do@0.0.1~dev: Failed to exec dev script
14 verbose stack Error: to.do@0.0.1 dev: `webpack-dev-server --port 3000`
14 verbose stack Exit status 1
14 verbose stack     at EventEmitter.<anonymous> (/usr/local/lib/node_modules/npm/lib/utils/lifecycle.js:255:16)
14 verbose stack     at emitTwo (events.js:106:13)
14 verbose stack     at EventEmitter.emit (events.js:191:7)
14 verbose stack     at ChildProcess.<anonymous> (/usr/local/lib/node_modules/npm/lib/utils/spawn.js:40:14)
14 verbose stack     at emitTwo (events.js:106:13)
14 verbose stack     at ChildProcess.emit (events.js:191:7)
14 verbose stack     at maybeClose (internal/child_process.js:877:16)
14 verbose stack     at Process.ChildProcess._handle.onexit (internal/child_process.js:226:5)
15 verbose pkgid to.do@0.0.1
16 verbose cwd /Users/mcorcuera/playground/elm/to.do
17 error Darwin 15.6.0
18 error argv "/usr/local/Cellar/node/6.6.0/bin/node" "/usr/local/bin/npm" "run" "dev"
19 error node v6.6.0
20 error npm  v3.10.7
21 error code ELIFECYCLE
22 error to.do@0.0.1 dev: `webpack-dev-server --port 3000`
22 error Exit status 1
23 error Failed at the to.do@0.0.1 dev script 'webpack-dev-server --port 3000'.
23 error Make sure you have the latest version of node.js and npm installed.
23 error If you do, this is most likely a problem with the to.do package,
23 error not with npm itself.
23 error Tell the author that this fails on your system:
23 error     webpack-dev-server --port 3000
23 error You can get information on how to open an issue for this project with:
23 error     npm bugs to.do
23 error Or if that isn't available, you can get their info via:
23 error     npm owner ls to.do
23 error There is likely additional logging output above.
24 verbose exit [ 1, true ]
